Installed PyTorch version 2.9.0+cu128 is not TorchScript supported in PhysicsNeMo. Version 2.1.0a0+4136153 is officially supported.
attempting to restore from: /home/hkim/Codes/physicsnemo_FNO_tutorial/Darcy_FNO/outputs_sym
optimizer checkpoint not found
model fno.0.pth not found
[step:          0] record constraint batch time:  4.723e-02s
[step:          0] record validators time:  1.997e+00s
[step:          0] saved checkpoint to /home/hkim/Codes/physicsnemo_FNO_tutorial/Darcy_FNO/outputs_sym
[step:          0] loss:  1.889e+00
Attempting cuda graph building, this may take a bit...
[step:        100] loss:  1.801e-02, time/iteration:  1.118e+02 ms
[step:        200] loss:  6.399e-03, time/iteration:  6.490e+00 ms
[step:        300] loss:  4.084e-03, time/iteration:  6.500e+00 ms
[step:        400] loss:  2.470e-03, time/iteration:  6.353e+00 ms
[step:        500] loss:  2.020e-03, time/iteration:  6.427e+00 ms
[step:        600] loss:  1.538e-03, time/iteration:  6.590e+00 ms
[step:        700] loss:  1.126e-03, time/iteration:  6.578e+00 ms
[step:        800] loss:  1.125e-03, time/iteration:  6.616e+00 ms
[step:        900] loss:  6.400e-04, time/iteration:  6.636e+00 ms
[step:       1000] record constraint batch time:  2.289e-02s
[step:       1000] record validators time:  1.840e+00s
[step:       1000] saved checkpoint to /home/hkim/Codes/physicsnemo_FNO_tutorial/Darcy_FNO/outputs_sym
[step:       1000] loss:  5.185e-04, time/iteration:  2.561e+01 ms
[step:       1100] loss:  6.118e-04, time/iteration:  7.995e+00 ms
[step:       1200] loss:  6.382e-04, time/iteration:  6.521e+00 ms
[step:       1300] loss:  4.566e-04, time/iteration:  6.517e+00 ms
[step:       1400] loss:  4.581e-04, time/iteration:  6.559e+00 ms
[step:       1500] loss:  3.688e-04, time/iteration:  6.834e+00 ms
[step:       1600] loss:  3.876e-04, time/iteration:  6.516e+00 ms
[step:       1700] loss:  2.923e-04, time/iteration:  6.521e+00 ms
[step:       1800] loss:  2.940e-04, time/iteration:  6.783e+00 ms
[step:       1900] loss:  2.663e-04, time/iteration:  6.584e+00 ms
[step:       2000] record constraint batch time:  7.463e-03s
[step:       2000] record validators time:  1.737e+00s
[step:       2000] saved checkpoint to /home/hkim/Codes/physicsnemo_FNO_tutorial/Darcy_FNO/outputs_sym
[step:       2000] loss:  2.933e-04, time/iteration:  2.437e+01 ms
[step:       2100] loss:  2.159e-04, time/iteration:  6.733e+00 ms
[step:       2200] loss:  2.296e-04, time/iteration:  6.678e+00 ms
[step:       2300] loss:  3.103e-04, time/iteration:  6.626e+00 ms
[step:       2400] loss:  5.170e-04, time/iteration:  6.711e+00 ms
[step:       2500] loss:  2.990e-04, time/iteration:  6.942e+00 ms
[step:       2600] loss:  1.943e-04, time/iteration:  6.493e+00 ms
[step:       2700] loss:  3.698e-04, time/iteration:  6.546e+00 ms
[step:       2800] loss:  1.707e-04, time/iteration:  6.796e+00 ms
[step:       2900] loss:  2.817e-04, time/iteration:  6.714e+00 ms
[step:       3000] record constraint batch time:  7.271e-03s
[step:       3000] record validators time:  1.920e+00s
[step:       3000] saved checkpoint to /home/hkim/Codes/physicsnemo_FNO_tutorial/Darcy_FNO/outputs_sym
[step:       3000] loss:  4.161e-04, time/iteration:  2.616e+01 ms
[step:       3000] reached maximum training steps, finished training!
